<?xml version="1.0" encoding="UTF-8"?>
<testsuite name="runners.Runner" tests="0" skipped="0" failures="0" errors="0" timestamp="1970-01-01T00:00:00" hostname="kirschner" time="0.0">
  <properties/>
  <system-out><![CDATA[# language: pt
Funcionalidade: Aprender Cucumber
  Como aluno
  Eu quero aprender a utilizar Cucumber
  Para que eu possa automatizar critérios de aceitação

  @esse
  Cenário: Deve incrementar o contador # AprenderCucumber.feature:12
    Dado que o valor do contador é 15  # AprenderCucumberSteps.que_o_valor_do_contador_é(int)
    Quando eu incrementar em 3         # AprenderCucumberSteps.eu_incrementar_em(int)
    Então o valor do contador será 18  # AprenderCucumberSteps.o_valor_do_contador_será(int)
# language: pt
@esse
Funcionalidade: Alugar filme
  Como um usuário
  Eu quero cadastrar alugueis de filmes
  Para controlar preços e datas de entrega

  Cenario: Deve alugar para categoria comum # alugar_filme.feature:31
    Dado um filme com estoque de 2 unidades # AlugarFilmesSteps.um_filme_com_estoque_de_unidades(int)
    E que o preço de aluguel seja R$4       # AlugarFilmesSteps.que_o_preço_de_aluguel_seja_R$(int)
    E que o tipo do aluguel seja comum      # AlugarFilmesSteps.queOTipoDoAluguelSejaExtendido(String)
    Quando alugar                           # AlugarFilmesSteps.alugar()
    Entao o preço do aluguel será R$ 4      # AlugarFilmesSteps.o_preço_do_aluguel_será_R$(int)
    E a data de entrega será em 1 dia       # AlugarFilmesSteps.aDataDeEntregaSeráEmDias(int)
    E a pontuação recebida será de 1 pontos # AlugarFilmesSteps.aPontuaçãoRecebidaSeráDePontos(int)

5 Scenarios (5 passed)
27 Steps (27 passed)
0m0.083s

]]></system-out>
  <system-err><![CDATA[]]></system-err>
</testsuite>
