<?xml version="1.0" encoding="UTF-8"?>
<testsuite name="Cenario: Não deve alugar um filme sem estoque" tests="5" skipped="0" failures="0" errors="0" timestamp="2020-11-06T01:02:12" hostname="kirschner" time="0.003">
  <properties/>
  <testcase name="Dado um filme com estoque de 0 unidades" classname="Cenario: Não deve alugar um filme sem estoque" time="0.001"/>
  <testcase name="Quando alugar" classname="Cenario: Não deve alugar um filme sem estoque" time="0.0"/>
  <testcase name="Entao não será possível por falta de estoque" classname="Cenario: Não deve alugar um filme sem estoque" time="0.0"/>
  <testcase name="E o estoque do filme será 0 unidade" classname="Cenario: Não deve alugar um filme sem estoque" time="0.001"/>
  <testcase name="classMethod" classname="Cenario: Não deve alugar um filme sem estoque" time="0.005"/>
  <system-out><![CDATA[
  Cenario: Deve alugar um filme com sucesso # alugar_filme.feature:8
    Dado um filme com estoque de 2 unidades # AlugarFilmesSteps.um_filme_com_estoque_de_unidades(int)
    E que o preço de aluguel seja R$3       # AlugarFilmesSteps.que_o_preço_de_aluguel_seja_R$(int)
    Quando alugar                           # AlugarFilmesSteps.alugar()
    Entao o preço do aluguel será R$ 3      # AlugarFilmesSteps.o_preço_do_aluguel_será_R$(int)
    E a data de entrega será em 1 dia       # AlugarFilmesSteps.aDataDeEntregaSeráEmDias(int)
    E o estoque do filme será 1 unidade     # AlugarFilmesSteps.oEstoqueDoFilmeSeráUnidade(int)
]]></system-out>
  <system-err><![CDATA[]]></system-err>
</testsuite>
