<?xml version="1.0" encoding="UTF-8"?>
<testsuite name="| 5 | semanal | 15 | 7 | 3 |" tests="8" skipped="0" failures="0" errors="0" timestamp="2020-11-06T02:12:10" hostname="kirschner" time="0.007">
  <properties/>
  <testcase name="Dado um filme com estoque de 2 unidades" classname="| 5 | semanal | 15 | 7 | 3 |" time="0.0"/>
  <testcase name="E que o preço de aluguel seja R$5" classname="| 5 | semanal | 15 | 7 | 3 |" time="0.0"/>
  <testcase name="E que o tipo do aluguel seja semanal" classname="| 5 | semanal | 15 | 7 | 3 |" time="0.0"/>
  <testcase name="Quando alugar" classname="| 5 | semanal | 15 | 7 | 3 |" time="0.0"/>
  <testcase name="Entao o preço do aluguel será R$ 15" classname="| 5 | semanal | 15 | 7 | 3 |" time="0.0"/>
  <testcase name="E a data de entrega será em 7 dias" classname="| 5 | semanal | 15 | 7 | 3 |" time="0.0"/>
  <testcase name="E a pontuação recebida será de 3 pontos" classname="| 5 | semanal | 15 | 7 | 3 |" time="0.0"/>
  <testcase name="classMethod" classname="| 5 | semanal | 15 | 7 | 3 |" time="0.013"/>
  <system-out><![CDATA[
  @esse
  Esquema do Cenario: Deve dar condições conforme tipo de aluguel # alugar_filme.feature:36
    Dado um filme com estoque de 2 unidades                       # AlugarFilmesSteps.um_filme_com_estoque_de_unidades(int)
    E que o preço de aluguel seja R$4                             # AlugarFilmesSteps.que_o_preço_de_aluguel_seja_R$(int)
    E que o tipo do aluguel seja comum                            # AlugarFilmesSteps.queOTipoDoAluguelSejaExtendido(String)
    Quando alugar                                                 # AlugarFilmesSteps.alugar()
    Entao o preço do aluguel será R$ 4                            # AlugarFilmesSteps.o_preço_do_aluguel_será_R$(int)
    E a data de entrega será em 1 dias                            # AlugarFilmesSteps.aDataDeEntregaSeráEmDias(int)
    E a pontuação recebida será de 1 pontos                       # AlugarFilmesSteps.aPontuaçãoRecebidaSeráDePontos(int)
]]></system-out>
  <system-err><![CDATA[]]></system-err>
</testsuite>
