<?xml version="1.0" encoding="UTF-8"?>
<testsuite name="runners.Runner" tests="0" skipped="0" failures="0" errors="0" timestamp="1970-01-01T00:00:00" hostname="kirschner" time="0.0">
  <properties/>
  <system-out><![CDATA[# language: pt
Funcionalidade: Aprender Cucumber
  Como aluno
  Eu quero aprender a utilizar Cucumber
  Para que eu possa automatizar critérios de aceitação

  @esse
  Cenário: Deve incrementar o contador # src/test/resources/features/AprenderCucumber.feature:12
    Dado que o valor do contador é 15  # AprenderCucumberSteps.que_o_valor_do_contador_é(int)
    Quando eu incrementar em 3         # AprenderCucumberSteps.eu_incrementar_em(int)
    Então o valor do contador será 18  # AprenderCucumberSteps.o_valor_do_contador_será(int)

1 Scenarios (1 passed)
3 Steps (3 passed)
0m0.102s

]]></system-out>
  <system-err><![CDATA[]]></system-err>
</testsuite>
