<?xml version="1.0" encoding="UTF-8"?>
<testsuite name="Cenario: Deve alugar um filme com sucesso" tests="6" skipped="0" failures="0" errors="0" timestamp="2020-11-06T02:12:10" hostname="kirschner" time="0.006">
  <properties/>
  <testcase name="Dado um filme" classname="Cenario: Deve alugar um filme com sucesso" time="0.0"/>
  <testcase name="Quando alugar" classname="Cenario: Deve alugar um filme com sucesso" time="0.0"/>
  <testcase name="Entao o preço do aluguel será R$ 3" classname="Cenario: Deve alugar um filme com sucesso" time="0.0"/>
  <testcase name="E a data de entrega será em 1 dia" classname="Cenario: Deve alugar um filme com sucesso" time="0.0"/>
  <testcase name="E o estoque do filme será 1 unidade" classname="Cenario: Deve alugar um filme com sucesso" time="0.0"/>
  <testcase name="classMethod" classname="Cenario: Deve alugar um filme com sucesso" time="0.013"/>
  <system-out><![CDATA[]]></system-out>
  <system-err><![CDATA[]]></system-err>
</testsuite>
