<?xml version="1.0" encoding="UTF-8"?>
<testsuite name="runners.Runner" tests="0" skipped="0" failures="0" errors="0" timestamp="1970-01-01T00:00:00" hostname="kirschner" time="0.0">
  <properties/>
  <system-out><![CDATA[# language: pt
Funcionalidade: Aprender Cucumber
  Como aluno
  Eu quero aprender a utilizar Cucumber
  Para que eu possa automatizar critérios de aceitação

  @esse
  Cenário: Deve incrementar o contador # AprenderCucumber.feature:12
    Dado que o valor do contador é 15  # AprenderCucumberSteps.que_o_valor_do_contador_é(int)
    Quando eu incrementar em 3         # AprenderCucumberSteps.eu_incrementar_em(int)
    Então o valor do contador será 18  # AprenderCucumberSteps.o_valor_do_contador_será(int)
# language: pt
@esse
Funcionalidade: Alugar filme
  Como um usuário
  Eu quero cadastrar alugueis de filmes
  Para controlar preços e datas de entrega

  Cenario: Não deve alugar um filme sem estoque  # alugar_filme.feature:18
    Dado um filme com estoque de 0 unidades      # AlugarFilmesSteps.um_filme_com_estoque_de_unidades(int)
    Quando alugar                                # AlugarFilmesSteps.alugar()
    Entao não será possível por falta de estoque # AlugarFilmesSteps.nãoSeráPossívelPorFaltaDeEstoque()
    E o estoque do filme será 0 unidade          # AlugarFilmesSteps.oEstoqueDoFilmeSeráUnidade(int)

  Esquema do Cenario: Deve dar condições conforme tipo de aluguel # alugar_filme.feature:24
    Dado um filme com estoque de 2 unidades
    E que o preço de aluguel seja R$<preco>
    E que o tipo do aluguel seja <tipo>
    Quando alugar
    Entao o preço do aluguel será R$ <valor>
    E a data de entrega será em <qtdDias> dias
    E a pontuação recebida será de <pontuacao> pontos

    Exemplos: 

  @esse
  Esquema do Cenario: Deve dar condições conforme tipo de aluguel # alugar_filme.feature:37
    Dado um filme com estoque de 2 unidades                       # AlugarFilmesSteps.um_filme_com_estoque_de_unidades(int)
    E que o preço de aluguel seja R$5                             # AlugarFilmesSteps.que_o_preço_de_aluguel_seja_R$(int)
    E que o tipo do aluguel seja semanal                          # AlugarFilmesSteps.queOTipoDoAluguelSejaExtendido(String)
    Quando alugar                                                 # AlugarFilmesSteps.alugar()
    Entao o preço do aluguel será R$ 15                           # AlugarFilmesSteps.o_preço_do_aluguel_será_R$(int)
    E a data de entrega será em 7 dias                            # AlugarFilmesSteps.aDataDeEntregaSeráEmDias(int)
    E a pontuação recebida será de 3 pontos                       # AlugarFilmesSteps.aPontuaçãoRecebidaSeráDePontos(int)

6 Scenarios (6 passed)
33 Steps (33 passed)
0m0.156s

]]></system-out>
  <system-err><![CDATA[]]></system-err>
</testsuite>
