<?xml version="1.0" encoding="UTF-8"?>
<testsuite name="| 4 | extendido | 8 | 3 | 2 |" tests="8" skipped="0" failures="0" errors="0" timestamp="2020-11-06T02:12:10" hostname="kirschner" time="0.006">
  <properties/>
  <testcase name="Dado um filme com estoque de 2 unidades" classname="| 4 | extendido | 8 | 3 | 2 |" time="0.0"/>
  <testcase name="E que o preço de aluguel seja R$4" classname="| 4 | extendido | 8 | 3 | 2 |" time="0.001"/>
  <testcase name="E que o tipo do aluguel seja extendido" classname="| 4 | extendido | 8 | 3 | 2 |" time="0.0"/>
  <testcase name="Quando alugar" classname="| 4 | extendido | 8 | 3 | 2 |" time="0.0"/>
  <testcase name="Entao o preço do aluguel será R$ 8" classname="| 4 | extendido | 8 | 3 | 2 |" time="0.0"/>
  <testcase name="E a data de entrega será em 3 dias" classname="| 4 | extendido | 8 | 3 | 2 |" time="0.0"/>
  <testcase name="E a pontuação recebida será de 2 pontos" classname="| 4 | extendido | 8 | 3 | 2 |" time="0.0"/>
  <testcase name="classMethod" classname="| 4 | extendido | 8 | 3 | 2 |" time="0.01"/>
  <system-out><![CDATA[]]></system-out>
  <system-err><![CDATA[]]></system-err>
</testsuite>
